\BOOKMARK [1][-]{section.1}{\376\377\000R\000e\000p\000o\000s\000i\000t\000o\000r\000y\000\040\000S\000t\000r\000u\000c\000t\000u\000r\000e\000\040\000a\000n\000d\000\040\000O\000v\000e\000r\000v\000i\000e\000w}{}% 1
\BOOKMARK [2][-]{subsection.1.1}{\376\377\000T\000o\000p\000-\000L\000e\000v\000e\000l\000\040\000D\000i\000r\000e\000c\000t\000o\000r\000y\000\040\000T\000r\000e\000e}{section.1}% 2
\BOOKMARK [2][-]{subsection.1.2}{\376\377\000D\000i\000r\000e\000c\000t\000o\000r\000y\000\040\000R\000o\000l\000e\000s}{section.1}% 3
\BOOKMARK [1][-]{section.2}{\376\377\000D\000a\000t\000a\000\040\000P\000i\000p\000e\000l\000i\000n\000e\000\040\000a\000n\000d\000\040\000P\000r\000e\000p\000r\000o\000c\000e\000s\000s\000i\000n\000g}{}% 4
\BOOKMARK [2][-]{subsection.2.1}{\376\377\000P\000h\000a\000s\000e\000\040\0001\000:\000\040\000O\000f\000f\000l\000i\000n\000e\000\040\000P\000r\000e\000p\000r\000o\000c\000e\000s\000s\000i\000n\000g}{section.2}% 5
\BOOKMARK [2][-]{subsection.2.2}{\376\377\000P\000h\000a\000s\000e\000\040\0002\000:\000\040\000O\000n\000l\000i\000n\000e\000\040\000D\000a\000t\000a\000s\000e\000t\000\040\000L\000o\000a\000d\000i\000n\000g}{section.2}% 6
\BOOKMARK [1][-]{section.3}{\376\377\000M\000o\000d\000e\000l\000\040\000A\000r\000c\000h\000i\000t\000e\000c\000t\000u\000r\000e\000s}{}% 7
\BOOKMARK [2][-]{subsection.3.1}{\376\377\0005\000.\0001\000\040\000C\000o\000m\000p\000l\000e\000t\000e\000\040\000S\000y\000s\000t\000e\000m\000\040\000O\000v\000e\000r\000v\000i\000e\000w}{section.3}% 8
\BOOKMARK [2][-]{subsection.3.2}{\376\377\0005\000.\0002\000\040\000T\000a\000c\000o\000t\000r\000o\000n\000-\000V\000A\000E\000\040\000M\000o\000d\000u\000l\000e\000\040\000O\000v\000e\000r\000v\000i\000e\000w}{section.3}% 9
\BOOKMARK [2][-]{subsection.3.3}{\376\377\0005\000.\0003\000\040\000T\000e\000x\000t\000\040\000E\000n\000c\000o\000d\000e\000r\000\040\000B\000r\000e\000a\000k\000d\000o\000w\000n}{section.3}% 10
\BOOKMARK [2][-]{subsection.3.4}{\376\377\0005\000.\0004\000\040\000V\000A\000E\000\040\000\050\000P\000r\000o\000s\000o\000d\000y\000\051\000\040\000B\000r\000e\000a\000k\000d\000o\000w\000n}{section.3}% 11
\BOOKMARK [2][-]{subsection.3.5}{\376\377\0005\000.\0005\000\040\000L\000o\000c\000a\000t\000i\000o\000n\000-\000S\000e\000n\000s\000i\000t\000i\000v\000e\000\040\000A\000t\000t\000e\000n\000t\000i\000o\000n\000\040\000B\000r\000e\000a\000k\000d\000o\000w\000n}{section.3}% 12
\BOOKMARK [2][-]{subsection.3.6}{\376\377\0005\000.\0006\000\040\000A\000u\000t\000o\000r\000e\000g\000r\000e\000s\000s\000i\000v\000e\000\040\000D\000e\000c\000o\000d\000e\000r\000\040\000B\000r\000e\000a\000k\000d\000o\000w\000n}{section.3}% 13
\BOOKMARK [2][-]{subsection.3.7}{\376\377\0005\000.\0007\000\040\000P\000o\000s\000t\000N\000e\000t\000\040\000B\000r\000e\000a\000k\000d\000o\000w\000n}{section.3}% 14
\BOOKMARK [2][-]{subsection.3.8}{\376\377\0005\000.\0008\000\040\000W\000a\000v\000e\000G\000l\000o\000w\000\040\000V\000o\000c\000o\000d\000e\000r\000\040\000O\000v\000e\000r\000v\000i\000e\000w}{section.3}% 15
\BOOKMARK [2][-]{subsection.3.9}{\376\377\0005\000.\0009\000\040\000W\000a\000v\000e\000G\000l\000o\000w\000\040\000F\000l\000o\000w\000\040\000S\000t\000e\000p\000\040\000B\000r\000e\000a\000k\000d\000o\000w\000n}{section.3}% 16
\BOOKMARK [2][-]{subsection.3.10}{\376\377\0005\000.\0001\0000\000\040\000L\000a\000y\000e\000r\000-\000b\000y\000-\000L\000a\000y\000e\000r\000\040\000D\000i\000m\000e\000n\000s\000i\000o\000n\000\040\000S\000u\000m\000m\000a\000r\000y}{section.3}% 17
\BOOKMARK [1][-]{section.4}{\376\377\000L\000o\000s\000s\000\040\000F\000u\000n\000c\000t\000i\000o\000n\000s}{}% 18
\BOOKMARK [2][-]{subsection.4.1}{\376\377\000T\000a\000c\000o\000t\000r\000o\000n\0002\000-\000V\000A\000E\000\040\000L\000o\000s\000s\000e\000s\000\040\000\050\000l\000o\000s\000s\000e\000s\000.\000p\000y\000\051}{section.4}% 19
\BOOKMARK [3][-]{subsubsection.4.1.1}{\376\377\0001\000.\000\040\000R\000e\000c\000o\000n\000s\000t\000r\000u\000c\000t\000i\000o\000n\000\040\000L\000o\000s\000s\000\040\000\050\000L\000R\000e\000c\000o\000n\000\051}{subsection.4.1}% 20
\BOOKMARK [3][-]{subsubsection.4.1.2}{\376\377\0002\000.\000\040\000G\000a\000t\000e\000\040\000L\000o\000s\000s\000\040\000\050\000L\000G\000a\000t\000e\000\051}{subsection.4.1}% 21
\BOOKMARK [3][-]{subsubsection.4.1.3}{\376\377\0003\000.\000\040\000K\000u\000l\000l\000b\000a\000c\000k\000-\000L\000e\000i\000b\000l\000e\000r\000\040\000D\000i\000v\000e\000r\000g\000e\000n\000c\000e\000\040\000\050\000L\000K\000L\000\051}{subsection.4.1}% 22
\BOOKMARK [3][-]{subsubsection.4.1.4}{\376\377\0004\000.\000\040\000K\000L\000\040\000A\000n\000n\000e\000a\000l\000i\000n\000g\000\040\000S\000t\000r\000a\000t\000e\000g\000y}{subsection.4.1}% 23
\BOOKMARK [2][-]{subsection.4.2}{\376\377\000W\000a\000v\000e\000G\000l\000o\000w\000\040\000L\000o\000s\000s\000e\000s\000\040\000\050\000g\000l\000o\000w\000.\000p\000y\000\051}{section.4}% 24
\BOOKMARK [1][-]{section.5}{\376\377\000T\000r\000a\000i\000n\000i\000n\000g\000\040\000P\000i\000p\000e\000l\000i\000n\000e}{}% 25
\BOOKMARK [2][-]{subsection.5.1}{\376\377\000T\000a\000c\000o\000t\000r\000o\000n\0002\000-\000V\000A\000E\000\040\000T\000r\000a\000i\000n\000i\000n\000g}{section.5}% 26
\BOOKMARK [2][-]{subsection.5.2}{\376\377\000W\000a\000v\000e\000G\000l\000o\000w\000\040\000T\000r\000a\000i\000n\000i\000n\000g}{section.5}% 27
\BOOKMARK [1][-]{section.6}{\376\377\000H\000y\000p\000e\000r\000p\000a\000r\000a\000m\000e\000t\000e\000r\000s\000\040\000a\000n\000d\000\040\000C\000o\000n\000f\000i\000g\000u\000r\000a\000t\000i\000o\000n\000s}{}% 28
