\BOOKMARK [1][-]{section.1}{\376\377\000P\000r\000o\000p\000o\000s\000a\000l}{}% 1
\BOOKMARK [1][-]{section.2}{\376\377\000R\000e\000p\000o\000s\000i\000t\000o\000r\000y\000\040\000O\000v\000e\000r\000v\000i\000e\000w}{}% 2
\BOOKMARK [2][-]{subsection.2.1}{\376\377\000H\000i\000g\000h\000-\000L\000e\000v\000e\000l\000\040\000D\000i\000r\000e\000c\000t\000o\000r\000y\000\040\000T\000r\000e\000e}{section.2}% 3
\BOOKMARK [2][-]{subsection.2.2}{\376\377\000W\000h\000a\000t\000\040\000E\000a\000c\000h\000\040\000M\000a\000j\000o\000r\000\040\000F\000o\000l\000d\000e\000r\000\040\000M\000e\000a\000n\000s}{section.2}% 4
\BOOKMARK [1][-]{section.3}{\376\377\000E\000n\000d\000-\000t\000o\000-\000E\000n\000d\000\040\000D\000a\000t\000a\000\040\000F\000l\000o\000w}{}% 5
\BOOKMARK [2][-]{subsection.3.1}{\376\377\000D\000a\000t\000a\000\040\000P\000i\000p\000e\000l\000i\000n\000e\000\040\000D\000i\000a\000g\000r\000a\000m}{section.3}% 6
\BOOKMARK [1][-]{section.4}{\376\377\000H\000o\000w\000\040\000D\000a\000t\000a\000\040\000S\000h\000o\000u\000l\000d\000\040\000B\000e\000\040\000O\000r\000g\000a\000n\000i\000z\000e\000d}{}% 7
\BOOKMARK [2][-]{subsection.4.1}{\376\377\000R\000a\000w\000\040\000D\000a\000t\000a\000\040\000L\000a\000y\000o\000u\000t}{section.4}% 8
\BOOKMARK [2][-]{subsection.4.2}{\376\377\000P\000r\000o\000c\000e\000s\000s\000e\000d\000\040\000D\000a\000t\000a\000\040\000L\000a\000y\000o\000u\000t}{section.4}% 9
\BOOKMARK [2][-]{subsection.4.3}{\376\377\000W\000h\000a\000t\000\040\000G\000o\000e\000s\000\040\000I\000n\000t\000o\000\040\000a\000\040\000.\000p\000t\000\040\000F\000i\000l\000e}{section.4}% 10
\BOOKMARK [2][-]{subsection.4.4}{\376\377\000E\000x\000a\000m\000p\000l\000e\000\040\000S\000a\000m\000p\000l\000e\000\040\000P\000a\000y\000l\000o\000a\000d}{section.4}% 11
\BOOKMARK [2][-]{subsection.4.5}{\376\377\000H\000o\000w\000\040\000t\000h\000e\000\040\000P\000i\000p\000e\000l\000i\000n\000e\000\040\000F\000i\000t\000s\000\040\000T\000o\000g\000e\000t\000h\000e\000r}{section.4}% 12
\BOOKMARK [2][-]{subsection.4.6}{\376\377\000E\000x\000a\000m\000p\000l\000e\000\040\000C\000o\000m\000m\000a\000n\000d\000s\000\040\000a\000n\000d\000\040\000H\000o\000w\000\040\000t\000o\000\040\000U\000s\000e\000\040\000T\000h\000e\000m}{section.4}% 13
\BOOKMARK [2][-]{subsection.4.7}{\376\377\000H\000o\000w\000\040\000t\000o\000\040\000R\000e\000a\000d\000\040\000t\000h\000e\000\040\000F\000l\000a\000g\000s}{section.4}% 14
\BOOKMARK [1][-]{section.5}{\376\377\000S\000y\000s\000t\000e\000m\000\040\000A\000r\000c\000h\000i\000t\000e\000c\000t\000u\000r\000e\000:\000\040\000T\000r\000a\000i\000n\000\040\000S\000t\000r\000u\000c\000t\000u\000r\000e}{}% 15
\BOOKMARK [2][-]{subsection.5.1}{\376\377\000P\000i\000p\000e\000l\000i\000n\000e\000\040\000D\000i\000a\000g\000r\000a\000m}{section.5}% 16
\BOOKMARK [2][-]{subsection.5.2}{\376\377\000A\000r\000c\000h\000i\000t\000e\000c\000t\000u\000r\000e\000\040\000S\000p\000e\000c\000i\000f\000i\000c\000a\000t\000i\000o\000n\000s\000\040\000a\000n\000d\000\040\000D\000i\000m\000e\000n\000s\000i\000o\000n\000s}{section.5}% 17
\BOOKMARK [1][-]{section.6}{\376\377\000L\000o\000s\000s\000\040\000F\000u\000n\000c\000t\000i\000o\000n\000s}{}% 18
\BOOKMARK [1][-]{section.7}{\376\377\000I\000n\000f\000e\000r\000e\000n\000c\000e\000\040\000W\000o\000r\000k\000f\000l\000o\000w}{}% 19
\BOOKMARK [2][-]{subsection.7.1}{\376\377\000I\000n\000f\000e\000r\000e\000n\000c\000e\000\040\000A\000r\000c\000h\000i\000t\000e\000c\000t\000u\000r\000e\000\040\000D\000i\000a\000g\000r\000a\000m}{section.7}% 20
\BOOKMARK [1][-]{section.8}{\376\377\000T\000r\000a\000i\000n\000i\000n\000g\000\040\000C\000o\000d\000e\000\040\000O\000r\000g\000a\000n\000i\000z\000a\000t\000i\000o\000n\000\040\000i\000n\000\040\000s\000r\000c}{}% 21
\BOOKMARK [2][-]{subsection.8.1}{\376\377\000M\000o\000d\000u\000l\000e\000\040\000M\000a\000p}{section.8}% 22
\BOOKMARK [1][-]{section.9}{\376\377\000H\000o\000w\000\040\000t\000o\000\040\000R\000u\000n\000\040\000E\000x\000p\000e\000r\000i\000m\000e\000n\000t\000s\000\040\000\046\000\040\000T\000r\000a\000i\000n\000i\000n\000g\000\040\000P\000h\000a\000s\000e\000s}{}% 23
\BOOKMARK [2][-]{subsection.9.1}{\376\377\000P\000h\000a\000s\000e\000\040\0001\000:\000\040\000F\000l\000o\000w\000\040\000\046\000\040\000A\000l\000i\000g\000n\000m\000e\000n\000t\000\040\000\050\000E\000p\000o\000c\000h\000s\000\040\0000\000\040\000-\000\040\0001\0000\0000\000\051}{section.9}% 24
\BOOKMARK [2][-]{subsection.9.2}{\376\377\000P\000h\000a\000s\000e\000\040\0002\000:\000\040\000A\000c\000o\000u\000s\000t\000i\000c\000\040\000F\000i\000n\000e\000-\000T\000u\000n\000i\000n\000g\000\040\000\050\000E\000p\000o\000c\000h\000s\000\040\0001\0000\0001\000\040\000-\000\040\0002\0005\0000\000\051}{section.9}% 25
\BOOKMARK [2][-]{subsection.9.3}{\376\377\000P\000h\000a\000s\000e\000\040\0003\000:\000\040\000E\000n\000d\000-\000t\000o\000-\000E\000n\000d\000\040\000J\000o\000i\000n\000t\000\040\000T\000r\000a\000i\000n\000i\000n\000g\000\040\000\050\000E\000p\000o\000c\000h\000s\000\040\0002\0005\0001\000\040\000-\000\040\0005\0000\0000\000\051}{section.9}% 26
\BOOKMARK [2][-]{subsection.9.4}{\376\377\000E\000x\000a\000m\000p\000l\000e\000\040\000C\000o\000m\000m\000a\000n\000d\000s}{section.9}% 27
\BOOKMARK [1][-]{section.10}{\376\377\000S\000u\000m\000m\000a\000r\000y}{}% 28
