\BOOKMARK [1][-]{section.1}{\376\377\000V\000i\000s\000\343\000o\000\040\000G\000e\000r\000a\000l\000\040\000d\000o\000\040\000R\000e\000p\000o\000s\000i\000t\000\363\000r\000i\000o}{}% 1
\BOOKMARK [2][-]{subsection.1.1}{\376\377\000\301\000r\000v\000o\000r\000e\000\040\000d\000e\000\040\000D\000i\000r\000e\000t\000\363\000r\000i\000o\000s\000\040\000d\000e\000\040\000A\000l\000t\000o\000\040\000N\000\355\000v\000e\000l}{section.1}% 2
\BOOKMARK [2][-]{subsection.1.2}{\376\377\000O\000\040\000Q\000u\000e\000\040\000C\000a\000d\000a\000\040\000P\000a\000s\000t\000a\000\040\000P\000r\000i\000n\000c\000i\000p\000a\000l\000\040\000S\000i\000g\000n\000i\000f\000i\000c\000a}{section.1}% 3
\BOOKMARK [1][-]{section.2}{\376\377\000F\000l\000u\000x\000o\000\040\000d\000e\000\040\000D\000a\000d\000o\000s\000\040\000d\000e\000\040\000P\000o\000n\000t\000a\000\040\000a\000\040\000P\000o\000n\000t\000a}{}% 4
\BOOKMARK [2][-]{subsection.2.1}{\376\377\000D\000i\000a\000g\000r\000a\000m\000a\000\040\000d\000o\000\040\000P\000i\000p\000e\000l\000i\000n\000e\000\040\000d\000e\000\040\000D\000a\000d\000o\000s}{section.2}% 5
\BOOKMARK [1][-]{section.3}{\376\377\000C\000o\000m\000o\000\040\000o\000s\000\040\000D\000a\000d\000o\000s\000\040\000D\000e\000v\000e\000m\000\040\000S\000e\000r\000\040\000O\000r\000g\000a\000n\000i\000z\000a\000d\000o\000s}{}% 6
\BOOKMARK [2][-]{subsection.3.1}{\376\377\000L\000a\000y\000o\000u\000t\000\040\000d\000o\000s\000\040\000D\000a\000d\000o\000s\000\040\000B\000r\000u\000t\000o\000s}{section.3}% 7
\BOOKMARK [2][-]{subsection.3.2}{\376\377\000L\000a\000y\000o\000u\000t\000\040\000d\000o\000s\000\040\000D\000a\000d\000o\000s\000\040\000P\000r\000o\000c\000e\000s\000s\000a\000d\000o\000s}{section.3}% 8
\BOOKMARK [2][-]{subsection.3.3}{\376\377\000O\000\040\000Q\000u\000e\000\040\000E\000n\000t\000r\000a\000\040\000e\000m\000\040\000u\000m\000\040\000A\000r\000q\000u\000i\000v\000o\000\040\000.\000p\000t}{section.3}% 9
\BOOKMARK [2][-]{subsection.3.4}{\376\377\000P\000a\000r\000\342\000m\000e\000t\000r\000o\000s\000\040\000d\000e\000\040\000E\000x\000t\000r\000a\000\347\000\343\000o\000\040\000d\000e\000\040\000C\000a\000r\000a\000c\000t\000e\000r\000\355\000s\000t\000i\000c\000a\000s}{section.3}% 10
\BOOKMARK [2][-]{subsection.3.5}{\376\377\000R\000e\000g\000r\000a\000s\000\040\000d\000e\000\040\000F\000i\000l\000t\000r\000a\000g\000e\000m\000\040\000e\000\040\000J\000u\000s\000t\000i\000f\000i\000c\000a\000t\000i\000v\000a}{section.3}% 11
\BOOKMARK [1][-]{section.4}{\376\377\000P\000r\000\351\000-\000p\000r\000o\000c\000e\000s\000s\000a\000m\000e\000n\000t\000o\000\040\000P\000a\000s\000s\000o\000\040\000a\000\040\000P\000a\000s\000s\000o}{}% 12
\BOOKMARK [2][-]{subsection.4.1}{\376\377\000F\000l\000u\000x\000o\000\040\000d\000e\000\040\000T\000r\000a\000b\000a\000l\000h\000o\000\040\000T\000\355\000p\000i\000c\000o}{section.4}% 13
\BOOKMARK [2][-]{subsection.4.2}{\376\377\000E\000x\000e\000m\000p\000l\000o\000\040\000d\000e\000\040\000C\000o\000m\000a\000n\000d\000o\000\040\000d\000e\000\040\000P\000r\000\351\000-\000p\000r\000o\000c\000e\000s\000s\000a\000m\000e\000n\000t\000o}{section.4}% 14
\BOOKMARK [2][-]{subsection.4.3}{\376\377\000P\000o\000r\000\040\000Q\000u\000e\000\040\000E\000s\000t\000a\000\040\000E\000t\000a\000p\000a\000\040\000I\000m\000p\000o\000r\000t\000a}{section.4}% 15
\BOOKMARK [1][-]{section.5}{\376\377\000C\000a\000r\000r\000e\000g\000a\000m\000e\000n\000t\000o\000\040\000d\000e\000\040\000D\000a\000t\000a\000s\000e\000t\000\040\000e\000\040\000B\000a\000t\000c\000h\000i\000n\000g}{}% 16
\BOOKMARK [2][-]{subsection.5.1}{\376\377\000C\000l\000a\000s\000s\000e\000s\000\040\000d\000e\000\040\000D\000a\000t\000a\000s\000e\000t}{section.5}% 17
\BOOKMARK [2][-]{subsection.5.2}{\376\377\000M\000i\000s\000t\000u\000r\000a\000\040\000d\000e\000\040\000T\000r\000e\000i\000n\000a\000m\000e\000n\000t\000o\000\040\000P\000a\000d\000r\000\343\000o}{section.5}% 18
\BOOKMARK [2][-]{subsection.5.3}{\376\377\000O\000\040\000Q\000u\000e\000\040\000C\000a\000d\000a\000\040\000A\000m\000o\000s\000t\000r\000a\000\040\000R\000e\000t\000o\000r\000n\000a}{section.5}% 19
\BOOKMARK [2][-]{subsection.5.4}{\376\377\000E\000s\000t\000r\000a\000t\000\351\000g\000i\000a\000\040\000d\000e\000\040\000B\000a\000t\000c\000h\000i\000n\000g}{section.5}% 20
\BOOKMARK [1][-]{section.6}{\376\377\000A\000r\000q\000u\000i\000t\000e\000t\000u\000r\000a\000\040\000d\000o\000\040\000S\000i\000s\000t\000e\000m\000a\000:\000\040\000E\000s\000t\000r\000u\000t\000u\000r\000a\000\040\000d\000e\000\040\000T\000r\000e\000i\000n\000o}{}% 21
\BOOKMARK [2][-]{subsection.6.1}{\376\377\000D\000i\000a\000g\000r\000a\000m\000a\000\040\000d\000o\000\040\000P\000i\000p\000e\000l\000i\000n\000e}{section.6}% 22
\BOOKMARK [2][-]{subsection.6.2}{\376\377\000D\000i\000a\000g\000r\000a\000m\000a\000\040\000d\000o\000\040\000V\000o\000c\000o\000d\000e\000r}{section.6}% 23
\BOOKMARK [1][-]{section.7}{\376\377\000F\000u\000n\000\347\000\365\000e\000s\000\040\000d\000e\000\040\000P\000e\000r\000d\000a\000\040\000\050\000L\000o\000s\000s\000\051}{}% 24
\BOOKMARK [1][-]{section.8}{\376\377\000F\000l\000u\000x\000o\000\040\000d\000e\000\040\000I\000n\000f\000e\000r\000\352\000n\000c\000i\000a}{}% 25
\BOOKMARK [2][-]{subsection.8.1}{\376\377\000D\000i\000a\000g\000r\000a\000m\000a\000\040\000d\000a\000\040\000A\000r\000q\000u\000i\000t\000e\000t\000u\000r\000a\000\040\000d\000e\000\040\000I\000n\000f\000e\000r\000\352\000n\000c\000i\000a}{section.8}% 26
\BOOKMARK [1][-]{section.9}{\376\377\000O\000r\000g\000a\000n\000i\000z\000a\000\347\000\343\000o\000\040\000d\000o\000\040\000C\000\363\000d\000i\000g\000o\000\040\000d\000e\000\040\000T\000r\000e\000i\000n\000a\000m\000e\000n\000t\000o\000\040\000e\000m\000\040\000s\000r\000c}{}% 27
\BOOKMARK [2][-]{subsection.9.1}{\376\377\000M\000a\000p\000a\000\040\000d\000e\000\040\000M\000\363\000d\000u\000l\000o\000s}{section.9}% 28
\BOOKMARK [2][-]{subsection.9.2}{\376\377\000P\000o\000r\000\040\000Q\000u\000e\000\040\000E\000s\000t\000a\000\040\000M\000o\000d\000u\000l\000a\000r\000i\000z\000a\000\347\000\343\000o\000\040\000A\000j\000u\000d\000a}{section.9}% 29
\BOOKMARK [2][-]{subsection.9.3}{\376\377\000F\000l\000u\000x\000o\000\040\000d\000e\000\040\000E\000x\000p\000e\000r\000i\000m\000e\000n\000t\000o\000\040\000R\000e\000c\000o\000m\000e\000n\000d\000a\000d\000o}{section.9}% 30
\BOOKMARK [1][-]{section.10}{\376\377\000C\000o\000m\000o\000\040\000R\000o\000d\000a\000r\000\040\000o\000s\000\040\000E\000x\000p\000e\000r\000i\000m\000e\000n\000t\000o\000s}{}% 31
\BOOKMARK [2][-]{subsection.10.1}{\376\377\000\301\000r\000v\000o\000r\000e\000\040\000d\000e\000\040\000D\000i\000r\000e\000t\000\363\000r\000i\000o\000s\000\040\000d\000e\000\040\000E\000x\000p\000e\000r\000i\000m\000e\000n\000t\000o\000s}{section.10}% 32
\BOOKMARK [2][-]{subsection.10.2}{\376\377\000O\000\040\000Q\000u\000e\000\040\000C\000a\000d\000a\000\040\000S\000a\000\355\000d\000a\000\040\000S\000i\000g\000n\000i\000f\000i\000c\000a}{section.10}% 33
\BOOKMARK [2][-]{subsection.10.3}{\376\377\000C\000o\000m\000a\000n\000d\000o\000s\000\040\000d\000e\000\040\000E\000x\000e\000m\000p\000l\000o}{section.10}% 34
\BOOKMARK [2][-]{subsection.10.4}{\376\377\000M\000o\000n\000i\000t\000o\000r\000a\000n\000d\000o\000\040\000u\000m\000a\000\040\000E\000x\000e\000c\000u\000\347\000\343\000o}{section.10}% 35
\BOOKMARK [1][-]{section.11}{\376\377\000G\000u\000i\000a\000\040\000P\000a\000s\000s\000o\000\040\000a\000\040\000P\000a\000s\000s\000o\000\040\000d\000o\000\040\000D\000o\000w\000n\000l\000o\000a\000d\000\040\000a\000o\000\040\000T\000r\000e\000i\000n\000a\000m\000e\000n\000t\000o}{}% 36
\BOOKMARK [2][-]{subsection.11.1}{\376\377\0001\000.\000\040\000B\000a\000i\000x\000e\000\040\000o\000s\000\040\000d\000a\000t\000a\000s\000e\000t\000s}{section.11}% 37
\BOOKMARK [2][-]{subsection.11.2}{\376\377\0002\000.\000\040\000V\000e\000r\000i\000f\000i\000q\000u\000e\000\040\000a\000\040\000e\000s\000t\000r\000u\000t\000u\000r\000a\000\040\000d\000e\000\040\000p\000a\000s\000t\000a\000s}{section.11}% 38
\BOOKMARK [2][-]{subsection.11.3}{\376\377\0003\000.\000\040\000E\000x\000e\000c\000u\000t\000e\000\040\000o\000\040\000p\000r\000\351\000-\000p\000r\000o\000c\000e\000s\000s\000a\000m\000e\000n\000t\000o}{section.11}% 39
\BOOKMARK [2][-]{subsection.11.4}{\376\377\0004\000.\000\040\000I\000n\000s\000p\000e\000c\000i\000o\000n\000e\000\040\000a\000l\000g\000u\000m\000a\000s\000\040\000s\000a\000\355\000d\000a\000s}{section.11}% 40
\BOOKMARK [2][-]{subsection.11.5}{\376\377\0005\000.\000\040\000C\000o\000n\000f\000i\000r\000m\000e\000\040\000q\000u\000e\000\040\000o\000\040\000l\000o\000a\000d\000e\000r\000\040\000d\000o\000\040\000d\000a\000t\000a\000s\000e\000t\000\040\000c\000o\000n\000s\000e\000g\000u\000e\000\040\000l\000e\000r\000\040\000o\000s\000\040\000m\000a\000n\000i\000f\000e\000s\000t\000o\000s}{section.11}% 41
\BOOKMARK [2][-]{subsection.11.6}{\376\377\0006\000.\000\040\000C\000o\000m\000e\000c\000e\000\040\000c\000o\000m\000\040\000u\000m\000\040\000e\000x\000p\000e\000r\000i\000m\000e\000n\000t\000o\000\040\000p\000e\000q\000u\000e\000n\000o}{section.11}% 42
\BOOKMARK [2][-]{subsection.11.7}{\376\377\0007\000.\000\040\000A\000u\000m\000e\000n\000t\000e\000\040\000a\000\040\000e\000s\000c\000a\000l\000a}{section.11}% 43
\BOOKMARK [2][-]{subsection.11.8}{\376\377\0008\000.\000\040\000R\000e\000v\000i\000s\000e\000\040\000o\000s\000\040\000a\000r\000t\000e\000f\000a\000t\000o\000s\000\040\000d\000o\000\040\000e\000x\000p\000e\000r\000i\000m\000e\000n\000t\000o}{section.11}% 44
\BOOKMARK [1][-]{section.12}{\376\377\000C\000o\000m\000o\000\040\000M\000o\000d\000u\000l\000a\000r\000i\000z\000a\000r\000\040\000o\000\040\000P\000r\000o\000j\000e\000t\000o\000\040\000d\000e\000\040\000F\000o\000r\000m\000a\000\040\000L\000i\000m\000p\000a}{}% 45
\BOOKMARK [2][-]{subsection.12.1}{\376\377\000A\000d\000i\000c\000i\000o\000n\000a\000n\000d\000o\000\040\000u\000m\000\040\000N\000o\000v\000o\000\040\000D\000a\000t\000a\000s\000e\000t}{section.12}% 46
\BOOKMARK [2][-]{subsection.12.2}{\376\377\000A\000d\000i\000c\000i\000o\000n\000a\000n\000d\000o\000\040\000u\000m\000\040\000N\000o\000v\000o\000\040\000C\000o\000m\000p\000o\000n\000e\000n\000t\000e\000\040\000d\000e\000\040\000M\000o\000d\000e\000l\000o}{section.12}% 47
\BOOKMARK [2][-]{subsection.12.3}{\376\377\000A\000d\000i\000c\000i\000o\000n\000a\000n\000d\000o\000\040\000u\000m\000a\000\040\000N\000o\000v\000a\000\040\000V\000a\000r\000i\000a\000n\000t\000e\000\040\000d\000e\000\040\000E\000x\000p\000e\000r\000i\000m\000e\000n\000t\000o}{section.12}% 48
\BOOKMARK [2][-]{subsection.12.4}{\376\377\000A\000d\000i\000c\000i\000o\000n\000a\000n\000d\000o\000\040\000M\000e\000l\000h\000o\000r\000\040\000D\000e\000p\000u\000r\000a\000\347\000\343\000o}{section.12}% 49
\BOOKMARK [1][-]{section.13}{\376\377\000E\000x\000e\000m\000p\000l\000o\000\040\000P\000r\000\341\000t\000i\000c\000o\000\040\000d\000e\000\040\000T\000o\000d\000o\000\040\000o\000\040\000F\000l\000u\000x\000o\000\040\000d\000e\000\040\000T\000r\000a\000b\000a\000l\000h\000o}{}% 50
\BOOKMARK [1][-]{section.14}{\376\377\000R\000e\000s\000u\000m\000o}{}% 51
