\BOOKMARK [1][-]{section.1}{\376\377\000P\000r\000o\000p\000o\000s\000a\000l}{}% 1
\BOOKMARK [1][-]{section.2}{\376\377\000R\000e\000p\000o\000s\000i\000t\000o\000r\000y\000\040\000O\000v\000e\000r\000v\000i\000e\000w}{}% 2
\BOOKMARK [2][-]{subsection.2.1}{\376\377\000H\000i\000g\000h\000-\000L\000e\000v\000e\000l\000\040\000D\000i\000r\000e\000c\000t\000o\000r\000y\000\040\000T\000r\000e\000e}{section.2}% 3
\BOOKMARK [2][-]{subsection.2.2}{\376\377\000W\000h\000a\000t\000\040\000E\000a\000c\000h\000\040\000M\000a\000j\000o\000r\000\040\000F\000o\000l\000d\000e\000r\000\040\000M\000e\000a\000n\000s}{section.2}% 4
\BOOKMARK [1][-]{section.3}{\376\377\000E\000n\000d\000-\000t\000o\000-\000E\000n\000d\000\040\000D\000a\000t\000a\000\040\000F\000l\000o\000w}{}% 5
\BOOKMARK [2][-]{subsection.3.1}{\376\377\000D\000a\000t\000a\000\040\000P\000i\000p\000e\000l\000i\000n\000e\000\040\000D\000i\000a\000g\000r\000a\000m}{section.3}% 6
\BOOKMARK [1][-]{section.4}{\376\377\000H\000o\000w\000\040\000D\000a\000t\000a\000\040\000S\000h\000o\000u\000l\000d\000\040\000B\000e\000\040\000O\000r\000g\000a\000n\000i\000z\000e\000d}{}% 7
\BOOKMARK [2][-]{subsection.4.1}{\376\377\000R\000a\000w\000\040\000D\000a\000t\000a\000\040\000L\000a\000y\000o\000u\000t}{section.4}% 8
\BOOKMARK [2][-]{subsection.4.2}{\376\377\000P\000r\000o\000c\000e\000s\000s\000e\000d\000\040\000D\000a\000t\000a\000\040\000L\000a\000y\000o\000u\000t}{section.4}% 9
\BOOKMARK [2][-]{subsection.4.3}{\376\377\000W\000h\000a\000t\000\040\000G\000o\000e\000s\000\040\000I\000n\000t\000o\000\040\000a\000\040\000.\000p\000t\000\040\000F\000i\000l\000e}{section.4}% 10
\BOOKMARK [2][-]{subsection.4.4}{\376\377\000F\000e\000a\000t\000u\000r\000e\000\040\000E\000x\000t\000r\000a\000c\000t\000i\000o\000n\000\040\000P\000a\000r\000a\000m\000e\000t\000e\000r\000s}{section.4}% 11
\BOOKMARK [2][-]{subsection.4.5}{\376\377\000F\000i\000l\000t\000e\000r\000i\000n\000g\000\040\000R\000u\000l\000e\000s\000\040\000a\000n\000d\000\040\000R\000a\000t\000i\000o\000n\000a\000l\000e}{section.4}% 12
\BOOKMARK [1][-]{section.5}{\376\377\000P\000r\000e\000p\000r\000o\000c\000e\000s\000s\000i\000n\000g\000\040\000S\000t\000e\000p\000\040\000b\000y\000\040\000S\000t\000e\000p}{}% 13
\BOOKMARK [2][-]{subsection.5.1}{\376\377\000T\000y\000p\000i\000c\000a\000l\000\040\000W\000o\000r\000k\000f\000l\000o\000w}{section.5}% 14
\BOOKMARK [2][-]{subsection.5.2}{\376\377\000E\000x\000a\000m\000p\000l\000e\000\040\000P\000r\000e\000p\000r\000o\000c\000e\000s\000s\000i\000n\000g\000\040\000C\000o\000m\000m\000a\000n\000d}{section.5}% 15
\BOOKMARK [2][-]{subsection.5.3}{\376\377\000W\000h\000y\000\040\000T\000h\000i\000s\000\040\000S\000t\000a\000g\000e\000\040\000M\000a\000t\000t\000e\000r\000s}{section.5}% 16
\BOOKMARK [1][-]{section.6}{\376\377\000D\000a\000t\000a\000s\000e\000t\000\040\000L\000o\000a\000d\000i\000n\000g\000\040\000a\000n\000d\000\040\000B\000a\000t\000c\000h\000i\000n\000g}{}% 17
\BOOKMARK [2][-]{subsection.6.1}{\376\377\000D\000a\000t\000a\000s\000e\000t\000\040\000C\000l\000a\000s\000s\000e\000s}{section.6}% 18
\BOOKMARK [2][-]{subsection.6.2}{\376\377\000D\000e\000f\000a\000u\000l\000t\000\040\000T\000r\000a\000i\000n\000i\000n\000g\000\040\000M\000i\000x}{section.6}% 19
\BOOKMARK [2][-]{subsection.6.3}{\376\377\000W\000h\000a\000t\000\040\000E\000a\000c\000h\000\040\000S\000a\000m\000p\000l\000e\000\040\000R\000e\000t\000u\000r\000n\000s}{section.6}% 20
\BOOKMARK [2][-]{subsection.6.4}{\376\377\000B\000a\000t\000c\000h\000i\000n\000g\000\040\000S\000t\000r\000a\000t\000e\000g\000y}{section.6}% 21
\BOOKMARK [1][-]{section.7}{\376\377\000S\000y\000s\000t\000e\000m\000\040\000A\000r\000c\000h\000i\000t\000e\000c\000t\000u\000r\000e\000:\000\040\000T\000r\000a\000i\000n\000\040\000S\000t\000r\000u\000c\000t\000u\000r\000e}{}% 22
\BOOKMARK [2][-]{subsection.7.1}{\376\377\000P\000i\000p\000e\000l\000i\000n\000e\000\040\000D\000i\000a\000g\000r\000a\000m}{section.7}% 23
\BOOKMARK [2][-]{subsection.7.2}{\376\377\000V\000o\000c\000o\000d\000e\000r\000\040\000D\000i\000a\000g\000r\000a\000m}{section.7}% 24
\BOOKMARK [1][-]{section.8}{\376\377\000L\000o\000s\000s\000\040\000F\000u\000n\000c\000t\000i\000o\000n\000s}{}% 25
\BOOKMARK [1][-]{section.9}{\376\377\000I\000n\000f\000e\000r\000e\000n\000c\000e\000\040\000W\000o\000r\000k\000f\000l\000o\000w}{}% 26
\BOOKMARK [2][-]{subsection.9.1}{\376\377\000I\000n\000f\000e\000r\000e\000n\000c\000e\000\040\000A\000r\000c\000h\000i\000t\000e\000c\000t\000u\000r\000e\000\040\000D\000i\000a\000g\000r\000a\000m}{section.9}% 27
\BOOKMARK [1][-]{section.10}{\376\377\000T\000r\000a\000i\000n\000i\000n\000g\000\040\000C\000o\000d\000e\000\040\000O\000r\000g\000a\000n\000i\000z\000a\000t\000i\000o\000n\000\040\000i\000n\000\040\000s\000r\000c}{}% 28
\BOOKMARK [2][-]{subsection.10.1}{\376\377\000M\000o\000d\000u\000l\000e\000\040\000M\000a\000p}{section.10}% 29
\BOOKMARK [2][-]{subsection.10.2}{\376\377\000W\000h\000y\000\040\000T\000h\000i\000s\000\040\000M\000o\000d\000u\000l\000a\000r\000i\000z\000a\000t\000i\000o\000n\000\040\000H\000e\000l\000p\000s}{section.10}% 30
\BOOKMARK [2][-]{subsection.10.3}{\376\377\000R\000e\000c\000o\000m\000m\000e\000n\000d\000e\000d\000\040\000E\000x\000p\000e\000r\000i\000m\000e\000n\000t\000\040\000F\000l\000o\000w}{section.10}% 31
\BOOKMARK [1][-]{section.11}{\376\377\000H\000o\000w\000\040\000t\000o\000\040\000R\000u\000n\000\040\000E\000x\000p\000e\000r\000i\000m\000e\000n\000t\000s}{}% 32
\BOOKMARK [2][-]{subsection.11.1}{\376\377\000E\000x\000p\000e\000r\000i\000m\000e\000n\000t\000\040\000D\000i\000r\000e\000c\000t\000o\000r\000y\000\040\000T\000r\000e\000e}{section.11}% 33
\BOOKMARK [2][-]{subsection.11.2}{\376\377\000W\000h\000a\000t\000\040\000E\000a\000c\000h\000\040\000O\000u\000t\000p\000u\000t\000\040\000M\000e\000a\000n\000s}{section.11}% 34
\BOOKMARK [2][-]{subsection.11.3}{\376\377\000E\000x\000a\000m\000p\000l\000e\000\040\000C\000o\000m\000m\000a\000n\000d\000s}{section.11}% 35
\BOOKMARK [2][-]{subsection.11.4}{\376\377\000M\000o\000n\000i\000t\000o\000r\000i\000n\000g\000\040\000a\000\040\000R\000u\000n}{section.11}% 36
\BOOKMARK [1][-]{section.12}{\376\377\000S\000t\000e\000p\000-\000b\000y\000-\000S\000t\000e\000p\000\040\000G\000u\000i\000d\000e\000\040\000f\000r\000o\000m\000\040\000D\000o\000w\000n\000l\000o\000a\000d\000\040\000t\000o\000\040\000T\000r\000a\000i\000n\000i\000n\000g}{}% 37
\BOOKMARK [2][-]{subsection.12.1}{\376\377\0001\000.\000\040\000D\000o\000w\000n\000l\000o\000a\000d\000\040\000t\000h\000e\000\040\000d\000a\000t\000a\000s\000e\000t\000s}{section.12}% 38
\BOOKMARK [2][-]{subsection.12.2}{\376\377\0002\000.\000\040\000V\000e\000r\000i\000f\000y\000\040\000t\000h\000e\000\040\000f\000o\000l\000d\000e\000r\000\040\000s\000t\000r\000u\000c\000t\000u\000r\000e}{section.12}% 39
\BOOKMARK [2][-]{subsection.12.3}{\376\377\0003\000.\000\040\000R\000u\000n\000\040\000p\000r\000e\000p\000r\000o\000c\000e\000s\000s\000i\000n\000g}{section.12}% 40
\BOOKMARK [2][-]{subsection.12.4}{\376\377\0004\000.\000\040\000I\000n\000s\000p\000e\000c\000t\000\040\000a\000\040\000f\000e\000w\000\040\000o\000u\000t\000p\000u\000t\000s}{section.12}% 41
\BOOKMARK [2][-]{subsection.12.5}{\376\377\0005\000.\000\040\000C\000o\000n\000f\000i\000r\000m\000\040\000t\000h\000e\000\040\000d\000a\000t\000a\000s\000e\000t\000\040\000l\000o\000a\000d\000e\000r\000\040\000c\000a\000n\000\040\000r\000e\000a\000d\000\040\000t\000h\000e\000\040\000m\000a\000n\000i\000f\000e\000s\000t\000s}{section.12}% 42
\BOOKMARK [2][-]{subsection.12.6}{\376\377\0006\000.\000\040\000S\000t\000a\000r\000t\000\040\000w\000i\000t\000h\000\040\000a\000\040\000s\000m\000a\000l\000l\000\040\000e\000x\000p\000e\000r\000i\000m\000e\000n\000t}{section.12}% 43
\BOOKMARK [2][-]{subsection.12.7}{\376\377\0007\000.\000\040\000S\000c\000a\000l\000e\000\040\000u\000p}{section.12}% 44
\BOOKMARK [2][-]{subsection.12.8}{\376\377\0008\000.\000\040\000R\000e\000v\000i\000e\000w\000\040\000t\000h\000e\000\040\000e\000x\000p\000e\000r\000i\000m\000e\000n\000t\000\040\000a\000r\000t\000i\000f\000a\000c\000t\000s}{section.12}% 45
\BOOKMARK [1][-]{section.13}{\376\377\000H\000o\000w\000\040\000t\000o\000\040\000M\000o\000d\000u\000l\000a\000r\000i\000z\000e\000\040\000t\000h\000e\000\040\000P\000r\000o\000j\000e\000c\000t\000\040\000C\000l\000e\000a\000n\000l\000y}{}% 46
\BOOKMARK [2][-]{subsection.13.1}{\376\377\000A\000d\000d\000i\000n\000g\000\040\000a\000\040\000N\000e\000w\000\040\000D\000a\000t\000a\000s\000e\000t}{section.13}% 47
\BOOKMARK [2][-]{subsection.13.2}{\376\377\000A\000d\000d\000i\000n\000g\000\040\000a\000\040\000N\000e\000w\000\040\000M\000o\000d\000e\000l\000\040\000C\000o\000m\000p\000o\000n\000e\000n\000t}{section.13}% 48
\BOOKMARK [2][-]{subsection.13.3}{\376\377\000A\000d\000d\000i\000n\000g\000\040\000a\000\040\000N\000e\000w\000\040\000E\000x\000p\000e\000r\000i\000m\000e\000n\000t\000\040\000V\000a\000r\000i\000a\000n\000t}{section.13}% 49
\BOOKMARK [2][-]{subsection.13.4}{\376\377\000A\000d\000d\000i\000n\000g\000\040\000B\000e\000t\000t\000e\000r\000\040\000D\000e\000b\000u\000g\000g\000i\000n\000g}{section.13}% 50
\BOOKMARK [1][-]{section.14}{\376\377\000P\000r\000a\000c\000t\000i\000c\000a\000l\000\040\000E\000x\000a\000m\000p\000l\000e\000\040\000o\000f\000\040\000t\000h\000e\000\040\000W\000h\000o\000l\000e\000\040\000W\000o\000r\000k\000f\000l\000o\000w}{}% 51
\BOOKMARK [1][-]{section.15}{\376\377\000S\000u\000m\000m\000a\000r\000y}{}% 52
